<?xml version="1.0" encoding="UTF-8"?>
<coverage generated="1589801123876" clover="3.2.0">
  <project timestamp="1589801123877" name="All files">
    <metrics statements="13" coveredstatements="13" conditionals="8" coveredconditionals="8" methods="5" coveredmethods="5" elements="26" coveredelements="26" complexity="0" loc="13" ncloc="13" packages="1" files="2" classes="2"/>
    <file name="http.js" path="/Users/rawanalnujoom/Desktop/ltuc/amman-javascript-401d3/class-02/fetch/lib/http.js">
      <metrics statements="4" coveredstatements="4" conditionals="2" coveredconditionals="2" methods="2" coveredmethods="2"/>
      <line num="9" count="2" type="cond" truecount="2" falsecount="0"/>
      <line num="10" count="1" type="stmt"/>
      <line num="11" count="1" type="stmt"/>
      <line num="16" count="1" type="stmt"/>
    </file>
    <file name="input.js" path="/Users/rawanalnujoom/Desktop/ltuc/amman-javascript-401d3/class-02/fetch/lib/input.js">
      <metrics statements="9" coveredstatements="9" conditionals="6" coveredconditionals="6" methods="3" coveredmethods="3"/>
      <line num="3" count="1" type="stmt"/>
      <line num="4" count="1" type="stmt"/>
      <line num="9" count="4" type="stmt"/>
      <line num="10" count="4" type="stmt"/>
      <line num="11" count="4" type="stmt"/>
      <line num="15" count="6" type="cond" truecount="2" falsecount="0"/>
      <line num="19" count="9" type="stmt"/>
      <line num="20" count="9" type="cond" truecount="2" falsecount="0"/>
      <line num="24" count="1" type="stmt"/>
    </file>
  </project>
</coverage>
