TN:
SF:lib/http.js
FN:4,(anonymous_0)
FN:8,(anonymous_1)
FNF:2
FNH:2
FNDA:2,(anonymous_0)
FNDA:2,(anonymous_1)
DA:9,2
DA:10,1
DA:11,1
DA:16,1
LF:4
LH:4
BRDA:9,0,0,1
BRDA:9,0,1,1
BRF:2
BRH:2
end_of_record
TN:
SF:lib/input.js
FN:8,(anonymous_0)
FN:14,(anonymous_1)
FN:18,(anonymous_2)
FNF:3
FNH:3
FNDA:4,(anonymous_0)
FNDA:6,(anonymous_1)
FNDA:9,(anonymous_2)
DA:3,1
DA:4,1
DA:9,4
DA:10,4
DA:11,4
DA:15,6
DA:19,9
DA:20,9
DA:24,1
LF:9
LH:9
BRDA:14,0,0,4
BRDA:15,1,0,1
BRDA:15,1,1,5
BRDA:18,2,0,4
BRDA:20,3,0,4
BRDA:20,3,1,5
BRF:6
BRH:6
end_of_record
