{"/Users/rawanalnujoom/Desktop/ltuc/amman-javascript-401d3/class-02/fetch/lib/http.js": {"path":"/Users/rawanalnujoom/Desktop/ltuc/amman-javascript-401d3/class-02/fetch/lib/http.js","statementMap":{"0":{"start":{"line":9,"column":8},"end":{"line":12,"column":9}},"1":{"start":{"line":10,"column":12},"end":{"line":10,"column":48}},"2":{"start":{"line":11,"column":12},"end":{"line":11,"column":51}},"3":{"start":{"line":16,"column":0},"end":{"line":16,"column":22}}},"fnMap":{"0":{"name":"(anonymous_0)","decl":{"start":{"line":4,"column":4},"end":{"line":4,"column":5}},"loc":{"start":{"line":4,"column":18},"end":{"line":6,"column":5}},"line":4},"1":{"name":"(anonymous_1)","decl":{"start":{"line":8,"column":4},"end":{"line":8,"column":5}},"loc":{"start":{"line":8,"column":16},"end":{"line":13,"column":5}},"line":8}},"branchMap":{"0":{"loc":{"start":{"line":9,"column":8},"end":{"line":12,"column":9}},"type":"if","locations":[{"start":{"line":9,"column":8},"end":{"line":12,"column":9}},{"start":{"line":9,"column":8},"end":{"line":12,"column":9}}],"line":9}},"s":{"0":2,"1":1,"2":1,"3":1},"f":{"0":2,"1":2},"b":{"0":[1,1]},"_coverageSchema":"1a1c01bbd47fc00a2c39e90264f33305004495a9","hash":"6383865163c4629443e5663ba79d8eb2796e9b1f"}
,"/Users/rawanalnujoom/Desktop/ltuc/amman-javascript-401d3/class-02/fetch/lib/input.js": {"path":"/Users/rawanalnujoom/Desktop/ltuc/amman-javascript-401d3/class-02/fetch/lib/input.js","statementMap":{"0":{"start":{"line":3,"column":14},"end":{"line":3,"column":31}},"1":{"start":{"line":4,"column":17},"end":{"line":4,"column":36}},"2":{"start":{"line":9,"column":21},"end":{"line":9,"column":52}},"3":{"start":{"line":10,"column":8},"end":{"line":10,"column":45}},"4":{"start":{"line":11,"column":8},"end":{"line":11,"column":39}},"5":{"start":{"line":15,"column":8},"end":{"line":15,"column":44}},"6":{"start":{"line":19,"column":27},"end":{"line":19,"column":49}},"7":{"start":{"line":20,"column":8},"end":{"line":20,"column":58}},"8":{"start":{"line":24,"column":0},"end":{"line":24,"column":23}}},"fnMap":{"0":{"name":"(anonymous_0)","decl":{"start":{"line":8,"column":4},"end":{"line":8,"column":5}},"loc":{"start":{"line":8,"column":18},"end":{"line":12,"column":5}},"line":8},"1":{"name":"(anonymous_1)","decl":{"start":{"line":14,"column":4},"end":{"line":14,"column":5}},"loc":{"start":{"line":14,"column":21},"end":{"line":16,"column":5}},"line":14},"2":{"name":"(anonymous_2)","decl":{"start":{"line":18,"column":4},"end":{"line":18,"column":5}},"loc":{"start":{"line":18,"column":27},"end":{"line":21,"column":5}},"line":18}},"branchMap":{"0":{"loc":{"start":{"line":14,"column":11},"end":{"line":14,"column":19}},"type":"default-arg","locations":[{"start":{"line":14,"column":17},"end":{"line":14,"column":19}}],"line":14},"1":{"loc":{"start":{"line":15,"column":15},"end":{"line":15,"column":43}},"type":"cond-expr","locations":[{"start":{"line":15,"column":28},"end":{"line":15,"column":31}},{"start":{"line":15,"column":34},"end":{"line":15,"column":43}}],"line":15},"2":{"loc":{"start":{"line":18,"column":14},"end":{"line":18,"column":25}},"type":"default-arg","locations":[{"start":{"line":18,"column":23},"end":{"line":18,"column":25}}],"line":18},"3":{"loc":{"start":{"line":20,"column":15},"end":{"line":20,"column":57}},"type":"cond-expr","locations":[{"start":{"line":20,"column":43},"end":{"line":20,"column":49}},{"start":{"line":20,"column":52},"end":{"line":20,"column":57}}],"line":20}},"s":{"0":1,"1":1,"2":4,"3":4,"4":4,"5":6,"6":9,"7":9,"8":1},"f":{"0":4,"1":6,"2":9},"b":{"0":[4],"1":[1,5],"2":[4],"3":[4,5]},"_coverageSchema":"1a1c01bbd47fc00a2c39e90264f33305004495a9","hash":"c4320652420beb9cd1909c95b498cf5ce7dd4c30"}
}
